

Version:	3.50
CmdLine:	C:\Users\yujin\Documents\game_jam\git\my_little_eldritch\SeancesAndSalutation.exe --l4j-debug
JNI:		No
WOW64:		Yes
Working dir:	C:\Users\yujin\Documents\game_jam\git\my_little_eldritch\.
Requires JDK:	No
Requires 64-Bit: No
Java min ver:	
Java max ver:	
JRE paths:	C:\Users\yujin\Documents\game_jam\git\my_little_eldritch\bin\jre1.8.0_421
Check launcher:	C:\Users\yujin\Documents\game_jam\git\my_little_eldritch\bin\jre1.8.0_421\bin\javaw.exe (OK)
Version string: 1.008.000_421 / 64-Bit (OK)
Launcher:	C:\Users\yujin\Documents\game_jam\git\my_little_eldritch\bin\jre1.8.0_421\bin\javaw.exe
Launcher args:	-jar "C:\Users\yujin\Documents\game_jam\git\my_little_eldritch\SeancesAndSalutation.exe"
Args length:	88/32768 chars
Exit code:	0


Version:	3.50
CmdLine:	C:\Users\yujin\Documents\game_jam\git\my_little_eldritch\SeancesAndSalutation.exe --l4j-debug
JNI:		No
WOW64:		Yes
Working dir:	C:\Users\yujin\Documents\game_jam\git\my_little_eldritch\.
Requires JDK:	No
Requires 64-Bit: No
Java min ver:	
Java max ver:	
JRE paths:	\jre1.8.0_421
Check launcher:	\jre1.8.0_421\bin\javaw.exe (not found)
Error msg:	This application requires a Java Runtime Environment.


Version:	3.50
CmdLine:	C:\Users\yujin\Documents\game_jam\git\my_little_eldritch\SeancesAndSalutation.exe --l4j-debug
JNI:		No
WOW64:		Yes
Working dir:	C:\Users\yujin\Documents\game_jam\git\my_little_eldritch\.
Requires JDK:	No
Requires 64-Bit: No
Java min ver:	
Java max ver:	
JRE paths:	jre1.8.0_421
Check launcher:	C:\Users\yujin\Documents\game_jam\git\my_little_eldritch\jre1.8.0_421\bin\javaw.exe (OK)
Version string: 1.008.000_421 / 64-Bit (OK)
Launcher:	C:\Users\yujin\Documents\game_jam\git\my_little_eldritch\jre1.8.0_421\bin\javaw.exe
Launcher args:	-jar "C:\Users\yujin\Documents\game_jam\git\my_little_eldritch\SeancesAndSalutation.exe"
Args length:	88/32768 chars
Exit code:	0


Version:	3.50
CmdLine:	C:\Users\yujin\Documents\game_jam\git\my_little_eldritch\SeancesAndSalutation.exe --l4j-debug
JNI:		No
WOW64:		Yes
Create mutex:	Seances and Salutations
Working dir:	C:\Users\yujin\Documents\game_jam\git\my_little_eldritch\.
Requires JDK:	No
Requires 64-Bit: No
Java min ver:	
Java max ver:	
JRE paths:	jre1.8.0_421
Check launcher:	C:\Users\yujin\Documents\game_jam\git\my_little_eldritch\jre1.8.0_421\bin\javaw.exe (OK)
Version string: 1.008.000_421 / 64-Bit (OK)
Launcher:	C:\Users\yujin\Documents\game_jam\git\my_little_eldritch\jre1.8.0_421\bin\javaw.exe
Launcher args:	-jar "C:\Users\yujin\Documents\game_jam\git\my_little_eldritch\SeancesAndSalutation.exe"
Args length:	88/32768 chars
Exit code:	0


Version:	3.50
CmdLine:	C:\Users\yujin\Documents\game_jam\git\my_little_eldritch\SeancesAndSalutation.exe --l4j-debug
JNI:		No
WOW64:		Yes
Create mutex:	Seances and Salutations
Working dir:	C:\Users\yujin\Documents\game_jam\git\my_little_eldritch\.
Requires JDK:	No
Requires 64-Bit: No
Java min ver:	
Java max ver:	
JRE paths:	jre1.8.0_421
Check launcher:	C:\Users\yujin\Documents\game_jam\git\my_little_eldritch\jre1.8.0_421\bin\javaw.exe (OK)
Version string: 1.008.000_421 / 64-Bit (OK)
Launcher:	C:\Users\yujin\Documents\game_jam\git\my_little_eldritch\jre1.8.0_421\bin\javaw.exe
Launcher args:	-jar "C:\Users\yujin\Documents\game_jam\git\my_little_eldritch\SeancesAndSalutation.exe"
Args length:	88/32768 chars
Exit code:	0


Version:	3.50
CmdLine:	C:\Users\yujin\Documents\game_jam\git\my_little_eldritch\SeancesAndSalutation.exe --l4j-debug
JNI:		No
WOW64:		Yes
Create mutex:	Seances and Salutations
Working dir:	C:\Users\yujin\Documents\game_jam\git\my_little_eldritch\.
Requires JDK:	No
Requires 64-Bit: No
Java min ver:	
Java max ver:	
JRE paths:	jre1.8.0_421
Check launcher:	C:\Users\yujin\Documents\game_jam\git\my_little_eldritch\jre1.8.0_421\bin\javaw.exe (OK)
Version string: 1.008.000_421 / 64-Bit (OK)
Launcher:	C:\Users\yujin\Documents\game_jam\git\my_little_eldritch\jre1.8.0_421\bin\javaw.exe
Launcher args:	-jar "C:\Users\yujin\Documents\game_jam\git\my_little_eldritch\SeancesAndSalutation.exe"
Args length:	88/32768 chars
Exit code:	0


Version:	3.50
CmdLine:	C:\Users\yujin\Documents\game_jam\git\my_little_eldritch\SeancesAndSalutation.exe --l4j-debug
JNI:		No
WOW64:		Yes
Create mutex:	Seances and Salutations
Working dir:	C:\Users\yujin\Documents\game_jam\git\my_little_eldritch\.
Requires JDK:	No
Requires 64-Bit: No
Java min ver:	1.011.000_000
Java max ver:	
JRE paths:	jre1.8.0_421
Check launcher:	C:\Users\yujin\Documents\game_jam\git\my_little_eldritch\jre1.8.0_421\bin\javaw.exe (OK)
Version string: 1.008.000_421 / 64-Bit (Ignore)
64-bit search:	SOFTWARE\JavaSoft\Java Runtime Environment...
Check:		SOFTWARE\JavaSoft\Java Runtime Environment\1.8
Version string: 1.008.000 / 64-Bit (Ignore)
Ignore:		1.008.000
Check:		SOFTWARE\JavaSoft\Java Runtime Environment\1.8.0_421
Version string: 1.008.000_421 / 64-Bit (Ignore)
Ignore:		1.008.000_421
32-bit search:	SOFTWARE\JavaSoft\Java Runtime Environment...
64-bit search:	SOFTWARE\JavaSoft\Java Development Kit...
32-bit search:	SOFTWARE\JavaSoft\Java Development Kit...
64-bit search:	SOFTWARE\JavaSoft\JRE...
32-bit search:	SOFTWARE\JavaSoft\JRE...
64-bit search:	SOFTWARE\JavaSoft\JDK...
Check:		SOFTWARE\JavaSoft\JDK\17.0.7
Version string: 1.017.000_007 / 64-Bit (OK)
Check launcher:	C:\Program Files\Java\jdk-17\bin\javaw.exe (OK)
Match:		1.017.000_007
Runtime used:	1.017.000_007 (64-bit)
Launcher:	C:\Program Files\Java\jdk-17\bin\javaw.exe
Launcher args:	-jar "C:\Users\yujin\Documents\game_jam\git\my_little_eldritch\SeancesAndSalutation.exe"
Args length:	88/32768 chars
Exit code:	0
